0,status,1,VILLAGER,ALIVE,ebifly
0,status,2,SEER,ALIVE,calups
0,status,3,POSSESSED,ALIVE,calups
0,status,4,VILLAGER,ALIVE,calups
0,status,5,WEREWOLF,ALIVE,calups
0,divine,2,4,HUMAN
1,status,1,VILLAGER,ALIVE,ebifly
1,status,2,SEER,ALIVE,calups
1,status,3,POSSESSED,ALIVE,calups
1,status,4,VILLAGER,ALIVE,calups
1,status,5,WEREWOLF,ALIVE,calups
1,talk,0,0,5,DIVINED Agent[02] WEREWOLF
1,talk,1,0,1,VOTE Agent[02]
1,talk,2,0,4,Skip
1,talk,3,0,2,DIVINED Agent[01] WEREWOLF
1,talk,4,0,3,DIVINED Agent[01] WEREWOLF
1,talk,5,1,4,Skip
1,talk,6,1,5,COMINGOUT Agent[05] SEER
1,talk,7,1,3,COMINGOUT Agent[03] SEER
1,talk,8,1,2,COMINGOUT Agent[02] SEER
1,talk,9,1,1,VOTE Agent[05]
1,talk,10,2,4,Over
1,talk,11,2,5,Over
1,talk,12,2,1,Skip
1,talk,13,2,2,Skip
1,talk,14,2,3,Over
1,talk,15,3,2,Skip
1,talk,16,3,5,Skip
1,talk,17,3,4,Over
1,talk,18,3,3,Skip
1,talk,19,3,1,Skip
1,talk,20,4,4,VOTE Agent[01]
1,talk,21,4,3,VOTE Agent[01]
1,talk,22,4,1,Over
1,talk,23,4,5,VOTE Agent[02]
1,talk,24,4,2,VOTE Agent[01]
1,talk,25,5,1,Over
1,talk,26,5,5,Over
1,talk,27,5,4,Over
1,talk,28,5,2,Skip
1,talk,29,5,3,Over
1,talk,30,6,1,Over
1,talk,31,6,4,Over
1,talk,32,6,2,Over
1,talk,33,6,3,Skip
1,talk,34,6,5,Skip
1,talk,35,7,2,Over
1,talk,36,7,1,Over
1,talk,37,7,4,Over
1,talk,38,7,3,Over
1,talk,39,7,5,Over
1,vote,1,5
1,vote,2,1
1,vote,3,1
1,vote,4,1
1,vote,5,2
1,execute,1,VILLAGER
1,divine,2,5,WEREWOLF
1,attackVote,5,2
1,attack,2,true
2,status,1,VILLAGER,DEAD,ebifly
2,status,2,SEER,DEAD,calups
2,status,3,POSSESSED,ALIVE,calups
2,status,4,VILLAGER,ALIVE,calups
2,status,5,WEREWOLF,ALIVE,calups
2,talk,0,0,3,COMINGOUT Agent[03] POSSESSED
2,talk,1,0,4,Skip
2,talk,2,0,5,COMINGOUT Agent[05] POSSESSED
2,talk,3,1,5,Skip
2,talk,4,1,4,Skip
2,talk,5,1,3,Skip
2,talk,6,2,5,Skip
2,talk,7,2,3,Skip
2,talk,8,2,4,Over
2,talk,9,3,4,Over
2,talk,10,3,3,Over
2,talk,11,3,5,Over
2,vote,3,4
2,vote,4,3
2,vote,5,3
2,execute,3,POSSESSED
2,attackVote,5,4
2,attack,4,true
3,status,1,VILLAGER,DEAD,ebifly
3,status,2,SEER,DEAD,calups
3,status,3,POSSESSED,DEAD,calups
3,status,4,VILLAGER,DEAD,calups
3,status,5,WEREWOLF,ALIVE,calups
3,result,0,1,WEREWOLF
