0,status,1,SEER,ALIVE,calups
0,status,2,VILLAGER,ALIVE,calups
0,status,3,POSSESSED,ALIVE,cash
0,status,4,WEREWOLF,ALIVE,SampleRoleAssignPlayer
0,status,5,VILLAGER,ALIVE,SampleBasePlayer
0,divine,1,5,HUMAN
1,status,1,SEER,ALIVE,calups
1,status,2,VILLAGER,ALIVE,calups
1,status,3,POSSESSED,ALIVE,cash
1,status,4,WEREWOLF,ALIVE,SampleRoleAssignPlayer
1,status,5,VILLAGER,ALIVE,SampleBasePlayer
1,talk,0,0,1,DIVINED Agent[04] WEREWOLF
1,talk,1,0,4,Skip
1,talk,2,0,3,COMINGOUT Agent[03] SEER
1,talk,3,0,2,Skip
1,talk,4,0,5,Skip
1,talk,5,1,5,Skip
1,talk,6,1,3,DIVINED Agent[04] HUMAN
1,talk,7,1,4,COMINGOUT Agent[04] SEER
1,talk,8,1,2,Skip
1,talk,9,1,1,COMINGOUT Agent[01] SEER
1,talk,10,2,3,VOTE Agent[04]
1,talk,11,2,4,DAY 1 (DIVINED Agent[03] HUMAN)
1,talk,12,2,1,Skip
1,talk,13,2,5,Over
1,talk,14,2,2,Over
1,talk,15,3,2,Over
1,talk,16,3,3,Skip
1,talk,17,3,5,Over
1,talk,18,3,1,Skip
1,talk,19,3,4,AND (VOTE Agent[01]) (REQUEST ANY (VOTE Agent[01]))
1,talk,20,4,4,Skip
1,talk,21,4,1,VOTE Agent[04]
1,talk,22,4,5,Over
1,talk,23,4,3,Skip
1,talk,24,4,2,VOTE Agent[01]
1,talk,25,5,2,Skip
1,talk,26,5,3,Over
1,talk,27,5,4,Skip
1,talk,28,5,5,Over
1,talk,29,5,1,Over
1,talk,30,6,4,Over
1,talk,31,6,1,Over
1,talk,32,6,2,Over
1,talk,33,6,5,Over
1,talk,34,6,3,Over
1,vote,1,4
1,vote,2,1
1,vote,3,4
1,vote,4,1
1,vote,5,3
1,vote,1,4
1,vote,2,1
1,vote,3,4
1,vote,4,1
1,vote,5,4
1,execute,4,WEREWOLF
1,divine,1,3,HUMAN
2,status,1,SEER,ALIVE,calups
2,status,2,VILLAGER,ALIVE,calups
2,status,3,POSSESSED,ALIVE,cash
2,status,4,WEREWOLF,DEAD,SampleRoleAssignPlayer
2,status,5,VILLAGER,ALIVE,SampleBasePlayer
2,result,4,0,VILLAGER
