0,status,1,VILLAGER,ALIVE,calups
0,status,2,SEER,ALIVE,calups
0,status,3,WEREWOLF,ALIVE,cash
0,status,4,VILLAGER,ALIVE,SampleRoleAssignPlayer
0,status,5,POSSESSED,ALIVE,SampleBasePlayer
0,divine,2,1,HUMAN
1,status,1,VILLAGER,ALIVE,calups
1,status,2,SEER,ALIVE,calups
1,status,3,WEREWOLF,ALIVE,cash
1,status,4,VILLAGER,ALIVE,SampleRoleAssignPlayer
1,status,5,POSSESSED,ALIVE,SampleBasePlayer
1,talk,0,0,1,Skip
1,talk,1,0,2,DIVINED Agent[01] WEREWOLF
1,talk,2,0,4,Skip
1,talk,3,0,3,VOTE Agent[01]
1,talk,4,0,5,Skip
1,talk,5,1,4,Skip
1,talk,6,1,1,Skip
1,talk,7,1,5,Skip
1,talk,8,1,2,COMINGOUT Agent[02] SEER
1,talk,9,1,3,Skip
1,talk,10,2,4,AND (VOTE Agent[03]) (REQUEST ANY (VOTE Agent[03]))
1,talk,11,2,1,Over
1,talk,12,2,3,Skip
1,talk,13,2,2,Over
1,talk,14,2,5,Over
1,talk,15,3,5,Over
1,talk,16,3,1,Over
1,talk,17,3,2,Skip
1,talk,18,3,3,Over
1,talk,19,3,4,Skip
1,talk,20,4,4,Skip
1,talk,21,4,2,VOTE Agent[01]
1,talk,22,4,3,Over
1,talk,23,4,5,Over
1,talk,24,4,1,VOTE Agent[02]
1,talk,25,5,5,Over
1,talk,26,5,1,Over
1,talk,27,5,4,Over
1,talk,28,5,2,Over
1,talk,29,5,3,Over
1,vote,1,2
1,vote,2,1
1,vote,3,1
1,vote,4,3
1,vote,5,3
1,vote,1,2
1,vote,2,1
1,vote,3,1
1,vote,4,1
1,vote,5,1
1,execute,1,VILLAGER
1,divine,2,3,WEREWOLF
1,attackVote,3,4
1,attack,4,true
2,status,1,VILLAGER,DEAD,calups
2,status,2,SEER,ALIVE,calups
2,status,3,WEREWOLF,ALIVE,cash
2,status,4,VILLAGER,DEAD,SampleRoleAssignPlayer
2,status,5,POSSESSED,ALIVE,SampleBasePlayer
2,talk,0,0,3,VOTE Agent[05]
2,talk,1,0,2,COMINGOUT Agent[02] POSSESSED
2,talk,2,0,5,Skip
2,talk,3,1,3,Skip
2,talk,4,1,5,Skip
2,talk,5,1,2,Skip
2,talk,6,2,5,Over
2,talk,7,2,2,Skip
2,talk,8,2,3,Skip
2,talk,9,3,3,Over
2,talk,10,3,5,Over
2,talk,11,3,2,Over
2,vote,2,3
2,vote,3,5
2,vote,5,2
2,vote,2,5
2,vote,3,5
2,vote,5,2
2,execute,5,POSSESSED
2,divine,2,3,WEREWOLF
2,attackVote,3,2
2,attack,2,true
3,status,1,VILLAGER,DEAD,calups
3,status,2,SEER,DEAD,calups
3,status,3,WEREWOLF,ALIVE,cash
3,status,4,VILLAGER,DEAD,SampleRoleAssignPlayer
3,status,5,POSSESSED,DEAD,SampleBasePlayer
3,result,0,1,WEREWOLF
