0,status,1,POSSESSED,ALIVE,SampleRoleAssignPlayer
0,status,2,WEREWOLF,ALIVE,SampleRoleAssignPlayer
0,status,3,SEER,ALIVE,SampleRoleAssignPlayer
0,status,4,VILLAGER,ALIVE,SampleRoleAssignPlayer
0,status,5,VILLAGER,ALIVE,SampleRoleAssignPlayer
0,divine,3,2,WEREWOLF
1,status,1,POSSESSED,ALIVE,SampleRoleAssignPlayer
1,status,2,WEREWOLF,ALIVE,SampleRoleAssignPlayer
1,status,3,SEER,ALIVE,SampleRoleAssignPlayer
1,status,4,VILLAGER,ALIVE,SampleRoleAssignPlayer
1,status,5,VILLAGER,ALIVE,SampleRoleAssignPlayer
1,talk,0,0,5,Skip
1,talk,1,0,1,Skip
1,talk,2,0,3,COMINGOUT Agent[03] SEER
1,talk,3,0,2,Skip
1,talk,4,0,4,Skip
1,talk,5,1,4,Skip
1,talk,6,1,3,DAY 1 (DIVINED Agent[02] WEREWOLF)
1,talk,7,1,5,Skip
1,talk,8,1,2,Skip
1,talk,9,1,1,COMINGOUT Agent[01] SEER
1,talk,10,2,1,DAY 1 (DIVINED Agent[03] WEREWOLF)
1,talk,11,2,3,BECAUSE (DAY 1 (DIVINED Agent[02] WEREWOLF)) (REQUEST ANY (VOTE Agent[02]))
1,talk,12,2,2,AND (VOTE Agent[03]) (REQUEST ANY (VOTE Agent[03]))
1,talk,13,2,4,AND (VOTE Agent[03]) (REQUEST ANY (VOTE Agent[03]))
1,talk,14,2,5,AND (VOTE Agent[02]) (REQUEST ANY (VOTE Agent[02]))
1,talk,15,3,4,AND (VOTE Agent[02]) (REQUEST ANY (VOTE Agent[02]))
1,talk,16,3,1,AND (VOTE Agent[03]) (REQUEST ANY (VOTE Agent[03]))
1,talk,17,3,3,BECAUSE (DAY 1 (DIVINED Agent[02] WEREWOLF)) (AND (VOTE Agent[02]) (REQUEST ANY (VOTE Agent[02])))
1,talk,18,3,2,Skip
1,talk,19,3,5,Skip
1,talk,20,4,2,Skip
1,talk,21,4,3,Skip
1,talk,22,4,4,Skip
1,talk,23,4,5,Skip
1,talk,24,4,1,Skip
1,talk,25,5,3,Skip
1,talk,26,5,5,Over
1,talk,27,5,1,Skip
1,talk,28,5,4,Skip
1,talk,29,5,2,Over
1,talk,30,6,4,Over
1,talk,31,6,3,Over
1,talk,32,6,1,Over
1,talk,33,6,5,Over
1,talk,34,6,2,Over
1,vote,1,3
1,vote,2,3
1,vote,3,2
1,vote,4,2
1,vote,5,2
1,execute,2,WEREWOLF
1,divine,3,4,HUMAN
2,status,1,POSSESSED,ALIVE,SampleRoleAssignPlayer
2,status,2,WEREWOLF,DEAD,SampleRoleAssignPlayer
2,status,3,SEER,ALIVE,SampleRoleAssignPlayer
2,status,4,VILLAGER,ALIVE,SampleRoleAssignPlayer
2,status,5,VILLAGER,ALIVE,SampleRoleAssignPlayer
2,result,4,0,VILLAGER
