0,status,1,WEREWOLF,ALIVE,SampleRoleAssignPlayer
0,status,2,SEER,ALIVE,SampleRoleAssignPlayer
0,status,3,VILLAGER,ALIVE,SampleRoleAssignPlayer
0,status,4,POSSESSED,ALIVE,SampleRoleAssignPlayer
0,status,5,VILLAGER,ALIVE,SampleRoleAssignPlayer
0,divine,2,1,WEREWOLF
1,status,1,WEREWOLF,ALIVE,SampleRoleAssignPlayer
1,status,2,SEER,ALIVE,SampleRoleAssignPlayer
1,status,3,VILLAGER,ALIVE,SampleRoleAssignPlayer
1,status,4,POSSESSED,ALIVE,SampleRoleAssignPlayer
1,status,5,VILLAGER,ALIVE,SampleRoleAssignPlayer
1,talk,0,0,4,Skip
1,talk,1,0,1,Skip
1,talk,2,0,5,Skip
1,talk,3,0,2,COMINGOUT Agent[02] SEER
1,talk,4,0,3,Skip
1,talk,5,1,3,Skip
1,talk,6,1,4,COMINGOUT Agent[04] SEER
1,talk,7,1,1,COMINGOUT Agent[01] SEER
1,talk,8,1,5,Skip
1,talk,9,1,2,DAY 1 (DIVINED Agent[01] WEREWOLF)
1,talk,10,2,1,DAY 1 (DIVINED Agent[05] HUMAN)
1,talk,11,2,5,AND (VOTE Agent[03]) (REQUEST ANY (VOTE Agent[03]))
1,talk,12,2,2,BECAUSE (DAY 1 (DIVINED Agent[01] WEREWOLF)) (REQUEST ANY (VOTE Agent[01]))
1,talk,13,2,3,AND (VOTE Agent[01]) (REQUEST ANY (VOTE Agent[01]))
1,talk,14,2,4,DAY 1 (DIVINED Agent[02] WEREWOLF)
1,talk,15,3,5,AND (VOTE Agent[01]) (REQUEST ANY (VOTE Agent[01]))
1,talk,16,3,2,BECAUSE (DAY 1 (DIVINED Agent[01] WEREWOLF)) (AND (VOTE Agent[01]) (REQUEST ANY (VOTE Agent[01])))
1,talk,17,3,4,AND (VOTE Agent[02]) (REQUEST ANY (VOTE Agent[02]))
1,talk,18,3,1,AND (VOTE Agent[02]) (REQUEST ANY (VOTE Agent[02]))
1,talk,19,3,3,Skip
1,talk,20,4,4,Skip
1,talk,21,4,2,Skip
1,talk,22,4,5,AND (VOTE Agent[02]) (REQUEST ANY (VOTE Agent[02]))
1,talk,23,4,1,Skip
1,talk,24,4,3,Skip
1,talk,25,5,5,Skip
1,talk,26,5,4,Skip
1,talk,27,5,2,Skip
1,talk,28,5,3,AND (VOTE Agent[02]) (REQUEST ANY (VOTE Agent[02]))
1,talk,29,5,1,Skip
1,talk,30,6,4,Over
1,talk,31,6,3,Skip
1,talk,32,6,1,Over
1,talk,33,6,2,Over
1,talk,34,6,5,Skip
1,talk,35,7,5,Over
1,talk,36,7,1,Over
1,talk,37,7,4,Over
1,talk,38,7,2,Over
1,talk,39,7,3,Skip
1,talk,40,8,5,Over
1,talk,41,8,1,Over
1,talk,42,8,3,Over
1,talk,43,8,4,Over
1,talk,44,8,2,Over
1,vote,1,2
1,vote,2,1
1,vote,3,2
1,vote,4,2
1,vote,5,2
1,execute,2,SEER
1,attackVote,1,3
1,attack,3,true
2,status,1,WEREWOLF,ALIVE,SampleRoleAssignPlayer
2,status,2,SEER,DEAD,SampleRoleAssignPlayer
2,status,3,VILLAGER,DEAD,SampleRoleAssignPlayer
2,status,4,POSSESSED,ALIVE,SampleRoleAssignPlayer
2,status,5,VILLAGER,ALIVE,SampleRoleAssignPlayer
2,talk,0,0,5,Skip
2,talk,1,0,4,DAY 2 (DIVINED Agent[05] HUMAN)
2,talk,2,0,1,DAY 2 (DIVINED Agent[04] HUMAN)
2,talk,3,1,4,BECAUSE (AND (COMINGOUT Agent[04] SEER) (Agent[01] COMINGOUT Agent[01] SEER)) (XOR (ESTIMATE Agent[01] WEREWOLF) (ESTIMATE Agent[01] POSSESSED))
2,talk,4,1,5,Skip
2,talk,5,1,1,Skip
2,talk,6,2,4,BECAUSE (XOR (ESTIMATE Agent[01] WEREWOLF) (ESTIMATE Agent[01] POSSESSED)) (AND (VOTE Agent[01]) (REQUEST ANY (VOTE Agent[01])))
2,talk,7,2,1,AND (VOTE Agent[04]) (REQUEST ANY (VOTE Agent[04]))
2,talk,8,2,5,AND (VOTE Agent[04]) (REQUEST ANY (VOTE Agent[04]))
2,talk,9,3,4,Skip
2,talk,10,3,1,Skip
2,talk,11,3,5,Skip
2,talk,12,4,1,Skip
2,talk,13,4,4,Skip
2,talk,14,4,5,Skip
2,talk,15,5,1,Over
2,talk,16,5,5,Over
2,talk,17,5,4,Over
2,vote,1,4
2,vote,4,1
2,vote,5,4
2,execute,4,POSSESSED
2,attackVote,1,5
2,attack,5,true
3,status,1,WEREWOLF,ALIVE,SampleRoleAssignPlayer
3,status,2,SEER,DEAD,SampleRoleAssignPlayer
3,status,3,VILLAGER,DEAD,SampleRoleAssignPlayer
3,status,4,POSSESSED,DEAD,SampleRoleAssignPlayer
3,status,5,VILLAGER,DEAD,SampleRoleAssignPlayer
3,result,0,1,WEREWOLF
