0,status,1,SEER,ALIVE,SampleRoleAssignPlayer
0,status,2,WEREWOLF,ALIVE,SampleRoleAssignPlayer
0,status,3,POSSESSED,ALIVE,SampleRoleAssignPlayer
0,status,4,VILLAGER,ALIVE,SampleRoleAssignPlayer
0,status,5,VILLAGER,ALIVE,SampleRoleAssignPlayer
0,divine,1,5,HUMAN
1,status,1,SEER,ALIVE,SampleRoleAssignPlayer
1,status,2,WEREWOLF,ALIVE,SampleRoleAssignPlayer
1,status,3,POSSESSED,ALIVE,SampleRoleAssignPlayer
1,status,4,VILLAGER,ALIVE,SampleRoleAssignPlayer
1,status,5,VILLAGER,ALIVE,SampleRoleAssignPlayer
1,talk,0,0,2,Skip
1,talk,1,0,4,Skip
1,talk,2,0,3,Skip
1,talk,3,0,1,COMINGOUT Agent[01] SEER
1,talk,4,0,5,Skip
1,talk,5,1,4,Skip
1,talk,6,1,3,COMINGOUT Agent[03] SEER
1,talk,7,1,1,DAY 1 (DIVINED Agent[05] HUMAN)
1,talk,8,1,2,Skip
1,talk,9,1,5,Skip
1,talk,10,2,1,BECAUSE (AND (COMINGOUT Agent[01] SEER) (Agent[03] COMINGOUT Agent[03] SEER)) (XOR (ESTIMATE Agent[03] WEREWOLF) (ESTIMATE Agent[03] POSSESSED))
1,talk,11,2,3,DAY 1 (DIVINED Agent[01] WEREWOLF)
1,talk,12,2,4,AND (VOTE Agent[03]) (REQUEST ANY (VOTE Agent[03]))
1,talk,13,2,2,AND (VOTE Agent[04]) (REQUEST ANY (VOTE Agent[04]))
1,talk,14,2,5,AND (VOTE Agent[03]) (REQUEST ANY (VOTE Agent[03]))
1,talk,15,3,4,Skip
1,talk,16,3,2,Skip
1,talk,17,3,3,AND (VOTE Agent[01]) (REQUEST ANY (VOTE Agent[01]))
1,talk,18,3,5,Skip
1,talk,19,3,1,BECAUSE (XOR (ESTIMATE Agent[03] WEREWOLF) (ESTIMATE Agent[03] POSSESSED)) (AND (VOTE Agent[03]) (REQUEST ANY (VOTE Agent[03])))
1,talk,20,4,5,AND (VOTE Agent[04]) (REQUEST ANY (VOTE Agent[04]))
1,talk,21,4,3,Skip
1,talk,22,4,4,AND (VOTE Agent[04]) (REQUEST ANY (VOTE Agent[04]))
1,talk,23,4,1,Skip
1,talk,24,4,2,Skip
1,talk,25,5,5,AND (VOTE Agent[03]) (REQUEST ANY (VOTE Agent[03]))
1,talk,26,5,1,Skip
1,talk,27,5,4,AND (VOTE Agent[01]) (REQUEST ANY (VOTE Agent[01]))
1,talk,28,5,3,Skip
1,talk,29,5,2,Over
1,talk,30,6,2,Over
1,talk,31,6,5,AND (VOTE Agent[04]) (REQUEST ANY (VOTE Agent[04]))
1,talk,32,6,3,Over
1,talk,33,6,4,AND (VOTE Agent[04]) (REQUEST ANY (VOTE Agent[04]))
1,talk,34,6,1,Over
1,talk,35,7,3,Over
1,talk,36,7,4,AND (VOTE Agent[01]) (REQUEST ANY (VOTE Agent[01]))
1,talk,37,7,1,Over
1,talk,38,7,2,Over
1,talk,39,7,5,AND (VOTE Agent[03]) (REQUEST ANY (VOTE Agent[03]))
1,talk,40,8,2,Over
1,talk,41,8,3,Over
1,talk,42,8,4,AND (VOTE Agent[03]) (REQUEST ANY (VOTE Agent[03]))
1,talk,43,8,1,Over
1,talk,44,8,5,AND (VOTE Agent[01]) (REQUEST ANY (VOTE Agent[01]))
1,talk,45,9,2,Over
1,talk,46,9,5,AND (VOTE Agent[04]) (REQUEST ANY (VOTE Agent[04]))
1,talk,47,9,1,Over
1,talk,48,9,3,Over
1,talk,49,9,4,Skip
1,talk,50,10,3,Over
1,talk,51,10,4,AND (VOTE Agent[01]) (REQUEST ANY (VOTE Agent[01]))
1,talk,52,10,1,Over
1,talk,53,10,5,Skip
1,talk,54,10,2,Over
1,talk,55,11,2,Over
1,talk,56,11,5,AND (VOTE Agent[03]) (REQUEST ANY (VOTE Agent[03]))
1,talk,57,11,3,Over
1,talk,58,11,1,Over
1,talk,59,11,4,Skip
1,talk,60,12,2,Over
1,talk,61,12,5,Skip
1,talk,62,12,4,AND (VOTE Agent[03]) (REQUEST ANY (VOTE Agent[03]))
1,talk,63,12,3,Over
1,talk,64,12,1,Over
1,talk,65,13,4,Skip
1,talk,66,13,5,AND (VOTE Agent[01]) (REQUEST ANY (VOTE Agent[01]))
1,talk,67,13,1,Over
1,talk,68,13,3,Over
1,talk,69,13,2,Over
1,talk,70,14,5,Skip
1,talk,71,14,4,AND (VOTE Agent[01]) (REQUEST ANY (VOTE Agent[01]))
1,talk,72,14,3,Over
1,talk,73,14,2,Over
1,talk,74,14,1,Over
1,talk,75,15,2,Over
1,talk,76,15,5,AND (VOTE Agent[03]) (REQUEST ANY (VOTE Agent[03]))
1,talk,77,15,1,Over
1,talk,78,15,3,Over
1,talk,79,15,4,Skip
1,talk,80,16,5,Over
1,talk,81,16,4,AND (VOTE Agent[04]) (REQUEST ANY (VOTE Agent[04]))
1,talk,82,16,2,Over
1,talk,83,16,3,Over
1,talk,84,16,1,Over
1,talk,85,17,5,Over
1,talk,86,17,2,Over
1,talk,87,17,1,Over
1,talk,88,17,4,Over
1,talk,89,17,3,Over
1,vote,1,3
1,vote,2,4
1,vote,3,1
1,vote,4,1
1,vote,5,3
1,vote,1,3
1,vote,2,1
1,vote,3,1
1,vote,4,1
1,vote,5,1
1,execute,1,SEER
1,attackVote,2,4
1,attack,4,true
2,status,1,SEER,DEAD,SampleRoleAssignPlayer
2,status,2,WEREWOLF,ALIVE,SampleRoleAssignPlayer
2,status,3,POSSESSED,ALIVE,SampleRoleAssignPlayer
2,status,4,VILLAGER,DEAD,SampleRoleAssignPlayer
2,status,5,VILLAGER,ALIVE,SampleRoleAssignPlayer
2,talk,0,0,5,Skip
2,talk,1,0,3,DAY 2 (DIVINED Agent[05] HUMAN)
2,talk,2,0,2,Skip
2,talk,3,1,2,Skip
2,talk,4,1,5,Skip
2,talk,5,1,3,Skip
2,talk,6,2,5,AND (VOTE Agent[03]) (REQUEST ANY (VOTE Agent[03]))
2,talk,7,2,3,AND (VOTE Agent[04]) (REQUEST ANY (VOTE Agent[04]))
2,talk,8,2,2,AND (VOTE Agent[05]) (REQUEST ANY (VOTE Agent[05]))
2,talk,9,3,3,Skip
2,talk,10,3,2,Skip
2,talk,11,3,5,AND (VOTE Agent[05]) (REQUEST ANY (VOTE Agent[05]))
2,talk,12,4,2,Skip
2,talk,13,4,5,Skip
2,talk,14,4,3,Skip
2,talk,15,5,5,Skip
2,talk,16,5,3,Over
2,talk,17,5,2,Over
2,talk,18,6,5,Over
2,talk,19,6,3,Over
2,talk,20,6,2,Over
2,vote,2,5
2,vote,3,5
2,vote,5,3
2,execute,5,VILLAGER
2,attackVote,2,3
2,attack,3,true
3,status,1,SEER,DEAD,SampleRoleAssignPlayer
3,status,2,WEREWOLF,ALIVE,SampleRoleAssignPlayer
3,status,3,POSSESSED,DEAD,SampleRoleAssignPlayer
3,status,4,VILLAGER,DEAD,SampleRoleAssignPlayer
3,status,5,VILLAGER,DEAD,SampleRoleAssignPlayer
3,result,0,1,WEREWOLF
