0,status,1,SEER,ALIVE,SampleRoleAssignPlayer
0,status,2,POSSESSED,ALIVE,SampleRoleAssignPlayer
0,status,3,VILLAGER,ALIVE,SampleRoleAssignPlayer
0,status,4,VILLAGER,ALIVE,SampleRoleAssignPlayer
0,status,5,WEREWOLF,ALIVE,SampleRoleAssignPlayer
0,divine,1,2,HUMAN
1,status,1,SEER,ALIVE,SampleRoleAssignPlayer
1,status,2,POSSESSED,ALIVE,SampleRoleAssignPlayer
1,status,3,VILLAGER,ALIVE,SampleRoleAssignPlayer
1,status,4,VILLAGER,ALIVE,SampleRoleAssignPlayer
1,status,5,WEREWOLF,ALIVE,SampleRoleAssignPlayer
1,talk,0,0,4,Skip
1,talk,1,0,5,Skip
1,talk,2,0,3,Skip
1,talk,3,0,2,Skip
1,talk,4,0,1,COMINGOUT Agent[01] SEER
1,talk,5,1,2,COMINGOUT Agent[02] SEER
1,talk,6,1,3,Skip
1,talk,7,1,5,Skip
1,talk,8,1,4,Skip
1,talk,9,1,1,DAY 1 (DIVINED Agent[02] HUMAN)
1,talk,10,2,4,AND (VOTE Agent[03]) (REQUEST ANY (VOTE Agent[03]))
1,talk,11,2,2,DAY 1 (DIVINED Agent[01] WEREWOLF)
1,talk,12,2,1,BECAUSE (AND (AND (COMINGOUT Agent[01] SEER) (Agent[02] COMINGOUT Agent[02] SEER)) (DAY 1 (DIVINED Agent[02] HUMAN))) (ESTIMATE Agent[02] POSSESSED)
1,talk,13,2,3,AND (VOTE Agent[01]) (REQUEST ANY (VOTE Agent[01]))
1,talk,14,2,5,AND (VOTE Agent[04]) (REQUEST ANY (VOTE Agent[04]))
1,talk,15,3,4,AND (VOTE Agent[01]) (REQUEST ANY (VOTE Agent[01]))
1,talk,16,3,3,AND (VOTE Agent[04]) (REQUEST ANY (VOTE Agent[04]))
1,talk,17,3,1,AND (VOTE Agent[04]) (REQUEST ANY (VOTE Agent[04]))
1,talk,18,3,2,BECAUSE (DAY 1 (DIVINED Agent[01] WEREWOLF)) (REQUEST ANY (VOTE Agent[01]))
1,talk,19,3,5,Skip
1,talk,20,4,2,BECAUSE (DAY 1 (DIVINED Agent[01] WEREWOLF)) (AND (VOTE Agent[01]) (REQUEST ANY (VOTE Agent[01])))
1,talk,21,4,4,AND (VOTE Agent[04]) (REQUEST ANY (VOTE Agent[04]))
1,talk,22,4,3,AND (VOTE Agent[01]) (REQUEST ANY (VOTE Agent[01]))
1,talk,23,4,1,Skip
1,talk,24,4,5,Skip
1,talk,25,5,1,Skip
1,talk,26,5,2,Skip
1,talk,27,5,3,AND (VOTE Agent[04]) (REQUEST ANY (VOTE Agent[04]))
1,talk,28,5,5,Over
1,talk,29,5,4,Skip
1,talk,30,6,3,Skip
1,talk,31,6,4,Skip
1,talk,32,6,1,Over
1,talk,33,6,2,Skip
1,talk,34,6,5,Over
1,talk,35,7,3,Skip
1,talk,36,7,2,Over
1,talk,37,7,5,Over
1,talk,38,7,1,Over
1,talk,39,7,4,Over
1,talk,40,8,4,Over
1,talk,41,8,2,Over
1,talk,42,8,5,Over
1,talk,43,8,3,Over
1,talk,44,8,1,Over
1,vote,1,4
1,vote,2,1
1,vote,3,4
1,vote,4,2
1,vote,5,4
1,execute,4,VILLAGER
1,divine,1,3,HUMAN
1,attackVote,5,1
1,attack,1,true
2,status,1,SEER,DEAD,SampleRoleAssignPlayer
2,status,2,POSSESSED,ALIVE,SampleRoleAssignPlayer
2,status,3,VILLAGER,ALIVE,SampleRoleAssignPlayer
2,status,4,VILLAGER,DEAD,SampleRoleAssignPlayer
2,status,5,WEREWOLF,ALIVE,SampleRoleAssignPlayer
2,talk,0,0,5,BECAUSE (AND (NOT (COMINGOUT Agent[02] WEREWOLF)) (NOT (COMINGOUT Agent[01] WEREWOLF)) (DAY 1 (Agent[02] DIVINED Agent[01] WEREWOLF))) (ESTIMATE Agent[02] POSSESSED)
2,talk,1,0,3,BECAUSE (AND (ANY ATTACKED Agent[01]) (DAY 1 (Agent[02] DIVINED Agent[01] WEREWOLF))) (XOR (ESTIMATE Agent[02] WEREWOLF) (ESTIMATE Agent[02] POSSESSED))
2,talk,2,0,2,DAY 2 (DIVINED Agent[05] HUMAN)
2,talk,3,1,2,Skip
2,talk,4,1,3,Skip
2,talk,5,1,5,Skip
2,talk,6,2,2,AND (VOTE Agent[03]) (REQUEST ANY (VOTE Agent[03]))
2,talk,7,2,5,BECAUSE (ESTIMATE Agent[02] POSSESSED) (AND (VOTE Agent[02]) (REQUEST ANY (VOTE Agent[02])))
2,talk,8,2,3,BECAUSE (XOR (ESTIMATE Agent[02] WEREWOLF) (ESTIMATE Agent[02] POSSESSED)) (AND (VOTE Agent[02]) (REQUEST ANY (VOTE Agent[02])))
2,talk,9,3,5,Skip
2,talk,10,3,2,Skip
2,talk,11,3,3,Skip
2,talk,12,4,2,Skip
2,talk,13,4,3,Skip
2,talk,14,4,5,Skip
2,talk,15,5,2,Over
2,talk,16,5,5,Over
2,talk,17,5,3,Over
2,vote,2,3
2,vote,3,2
2,vote,5,2
2,execute,2,POSSESSED
2,attackVote,5,3
2,attack,3,true
3,status,1,SEER,DEAD,SampleRoleAssignPlayer
3,status,2,POSSESSED,DEAD,SampleRoleAssignPlayer
3,status,3,VILLAGER,DEAD,SampleRoleAssignPlayer
3,status,4,VILLAGER,DEAD,SampleRoleAssignPlayer
3,status,5,WEREWOLF,ALIVE,SampleRoleAssignPlayer
3,result,0,1,WEREWOLF
