0,status,1,VILLAGER,ALIVE,SampleBasePlayer
0,status,2,POSSESSED,ALIVE,SampleRoleAssignPlayer
0,status,3,SEER,ALIVE,calups
0,status,4,VILLAGER,ALIVE,cash
0,status,5,WEREWOLF,ALIVE,cash
0,divine,3,1,HUMAN
1,status,1,VILLAGER,ALIVE,SampleBasePlayer
1,status,2,POSSESSED,ALIVE,SampleRoleAssignPlayer
1,status,3,SEER,ALIVE,calups
1,status,4,VILLAGER,ALIVE,cash
1,status,5,WEREWOLF,ALIVE,cash
1,talk,0,0,1,Skip
1,talk,1,0,2,Skip
1,talk,2,0,4,VOTE Agent[01]
1,talk,3,0,5,VOTE Agent[01]
1,talk,4,0,3,DIVINED Agent[04] WEREWOLF
1,talk,5,1,5,Skip
1,talk,6,1,4,Skip
1,talk,7,1,1,Skip
1,talk,8,1,2,Skip
1,talk,9,1,3,COMINGOUT Agent[03] SEER
1,talk,10,2,1,Over
1,talk,11,2,5,Skip
1,talk,12,2,4,Skip
1,talk,13,2,2,COMINGOUT Agent[02] SEER
1,talk,14,2,3,Over
1,talk,15,3,4,Over
1,talk,16,3,1,Over
1,talk,17,3,2,DAY 1 (DIVINED Agent[03] WEREWOLF)
1,talk,18,3,5,Over
1,talk,19,3,3,Skip
1,talk,20,4,1,Over
1,talk,21,4,3,VOTE Agent[04]
1,talk,22,4,2,BECAUSE (DAY 1 (DIVINED Agent[03] WEREWOLF)) (REQUEST ANY (VOTE Agent[03]))
1,talk,23,4,5,Over
1,talk,24,4,4,Over
1,talk,25,5,2,BECAUSE (DAY 1 (DIVINED Agent[03] WEREWOLF)) (AND (VOTE Agent[03]) (REQUEST ANY (VOTE Agent[03])))
1,talk,26,5,3,Over
1,talk,27,5,1,Over
1,talk,28,5,4,Over
1,talk,29,5,5,Over
1,talk,30,6,2,Skip
1,talk,31,6,4,Over
1,talk,32,6,1,Over
1,talk,33,6,5,Over
1,talk,34,6,3,Over
1,talk,35,7,3,Over
1,talk,36,7,5,Over
1,talk,37,7,4,Over
1,talk,38,7,1,Over
1,talk,39,7,2,Skip
1,talk,40,8,5,Over
1,talk,41,8,3,Over
1,talk,42,8,2,Over
1,talk,43,8,1,Over
1,talk,44,8,4,Over
1,vote,1,3
1,vote,2,3
1,vote,3,4
1,vote,4,1
1,vote,5,1
1,vote,1,5
1,vote,2,3
1,vote,3,4
1,vote,4,1
1,vote,5,1
1,execute,1,VILLAGER
1,divine,3,4,HUMAN
1,attackVote,5,2
1,attack,2,true
2,status,1,VILLAGER,DEAD,SampleBasePlayer
2,status,2,POSSESSED,DEAD,SampleRoleAssignPlayer
2,status,3,SEER,ALIVE,calups
2,status,4,VILLAGER,ALIVE,cash
2,status,5,WEREWOLF,ALIVE,cash
2,talk,0,0,4,VOTE Agent[05]
2,talk,1,0,5,VOTE Agent[04]
2,talk,2,0,3,COMINGOUT Agent[03] POSSESSED
2,talk,3,1,3,Skip
2,talk,4,1,4,Skip
2,talk,5,1,5,Skip
2,talk,6,2,4,Skip
2,talk,7,2,5,Skip
2,talk,8,2,3,Skip
2,talk,9,3,3,Over
2,talk,10,3,5,Over
2,talk,11,3,4,Over
2,vote,3,4
2,vote,4,5
2,vote,5,4
2,execute,4,VILLAGER
2,divine,3,5,WEREWOLF
2,attackVote,5,3
2,attack,3,true
3,status,1,VILLAGER,DEAD,SampleBasePlayer
3,status,2,POSSESSED,DEAD,SampleRoleAssignPlayer
3,status,3,SEER,DEAD,calups
3,status,4,VILLAGER,DEAD,cash
3,status,5,WEREWOLF,ALIVE,cash
3,result,0,1,WEREWOLF
