0,status,1,SEER,ALIVE,SampleRoleAssignPlayer
0,status,2,VILLAGER,ALIVE,SampleBasePlayer
0,status,3,VILLAGER,ALIVE,calups
0,status,4,POSSESSED,ALIVE,cash
0,status,5,WEREWOLF,ALIVE,ebifly
0,divine,1,2,HUMAN
1,status,1,SEER,ALIVE,SampleRoleAssignPlayer
1,status,2,VILLAGER,ALIVE,SampleBasePlayer
1,status,3,VILLAGER,ALIVE,calups
1,status,4,POSSESSED,ALIVE,cash
1,status,5,WEREWOLF,ALIVE,ebifly
1,talk,0,0,2,Skip
1,talk,1,0,4,COMINGOUT Agent[04] SEER
1,talk,2,0,5,VOTE Agent[01]
1,talk,3,0,1,COMINGOUT Agent[01] SEER
1,talk,4,0,3,Skip
1,talk,5,1,4,DIVINED Agent[02] HUMAN
1,talk,6,1,5,Skip
1,talk,7,1,3,Skip
1,talk,8,1,2,Skip
1,talk,9,1,1,DAY 1 (DIVINED Agent[02] HUMAN)
1,talk,10,2,4,VOTE Agent[01]
1,talk,11,2,3,Over
1,talk,12,2,5,VOTE Agent[04]
1,talk,13,2,1,BECAUSE (AND (COMINGOUT Agent[01] SEER) (Agent[04] COMINGOUT Agent[04] SEER)) (XOR (ESTIMATE Agent[04] WEREWOLF) (ESTIMATE Agent[04] POSSESSED))
1,talk,14,2,2,Over
1,talk,15,3,5,Skip
1,talk,16,3,3,Over
1,talk,17,3,2,Over
1,talk,18,3,1,BECAUSE (XOR (ESTIMATE Agent[04] WEREWOLF) (ESTIMATE Agent[04] POSSESSED)) (AND (VOTE Agent[04]) (REQUEST ANY (VOTE Agent[04])))
1,talk,19,3,4,Skip
1,talk,20,4,1,Skip
1,talk,21,4,3,VOTE Agent[01]
1,talk,22,4,2,Over
1,talk,23,4,4,Skip
1,talk,24,4,5,Skip
1,talk,25,5,2,Over
1,talk,26,5,4,Over
1,talk,27,5,5,Over
1,talk,28,5,1,Skip
1,talk,29,5,3,Over
1,talk,30,6,1,Over
1,talk,31,6,5,Over
1,talk,32,6,2,Over
1,talk,33,6,3,Over
1,talk,34,6,4,Over
1,vote,1,4
1,vote,2,3
1,vote,3,1
1,vote,4,1
1,vote,5,4
1,vote,1,4
1,vote,2,4
1,vote,3,2
1,vote,4,1
1,vote,5,4
1,execute,4,POSSESSED
1,attackVote,5,1
1,attack,1,true
2,status,1,SEER,DEAD,SampleRoleAssignPlayer
2,status,2,VILLAGER,ALIVE,SampleBasePlayer
2,status,3,VILLAGER,ALIVE,calups
2,status,4,POSSESSED,DEAD,cash
2,status,5,WEREWOLF,ALIVE,ebifly
2,talk,0,0,2,Skip
2,talk,1,0,5,VOTE Agent[02]
2,talk,2,0,3,Skip
2,talk,3,1,2,Skip
2,talk,4,1,3,Skip
2,talk,5,1,5,Skip
2,talk,6,2,3,Over
2,talk,7,2,2,Over
2,talk,8,2,5,Skip
2,talk,9,3,3,Over
2,talk,10,3,2,Over
2,talk,11,3,5,Over
2,vote,2,5
2,vote,3,2
2,vote,5,2
2,execute,2,VILLAGER
2,attackVote,5,3
2,attack,3,true
3,status,1,SEER,DEAD,SampleRoleAssignPlayer
3,status,2,VILLAGER,DEAD,SampleBasePlayer
3,status,3,VILLAGER,DEAD,calups
3,status,4,POSSESSED,DEAD,cash
3,status,5,WEREWOLF,ALIVE,ebifly
3,result,0,1,WEREWOLF
