0,status,1,WEREWOLF,ALIVE,SampleBasePlayer
0,status,2,POSSESSED,ALIVE,SampleRoleAssignPlayer
0,status,3,VILLAGER,ALIVE,Litt1eGirl
0,status,4,SEER,ALIVE,calups
0,status,5,VILLAGER,ALIVE,cash
0,divine,4,1,WEREWOLF
1,status,1,WEREWOLF,ALIVE,SampleBasePlayer
1,status,2,POSSESSED,ALIVE,SampleRoleAssignPlayer
1,status,3,VILLAGER,ALIVE,Litt1eGirl
1,status,4,SEER,ALIVE,calups
1,status,5,VILLAGER,ALIVE,cash
1,talk,0,0,2,Skip
1,talk,1,0,3,VOTE Agent[01]
1,talk,2,0,5,VOTE Agent[01]
1,talk,3,0,1,Skip
1,talk,4,0,4,DIVINED Agent[02] WEREWOLF
1,talk,5,1,5,VOTE Agent[02]
1,talk,6,1,4,COMINGOUT Agent[04] SEER
1,talk,7,1,2,Skip
1,talk,8,1,1,Skip
1,talk,9,1,3,VOTE Agent[02]
1,talk,10,2,3,VOTE Agent[04]
1,talk,11,2,4,Skip
1,talk,12,2,2,COMINGOUT Agent[02] SEER
1,talk,13,2,1,Over
1,talk,14,2,5,Skip
1,talk,15,3,4,Skip
1,talk,16,3,2,DAY 1 (DIVINED Agent[04] WEREWOLF)
1,talk,17,3,1,Over
1,talk,18,3,5,VOTE Agent[01]
1,talk,19,3,3,ESTIMATE Agent[04] WEREWOLF
1,talk,20,4,2,AND (VOTE Agent[04]) (REQUEST ANY (VOTE Agent[04]))
1,talk,21,4,5,Skip
1,talk,22,4,1,Over
1,talk,23,4,3,VOTE Agent[02]
1,talk,24,4,4,VOTE Agent[02]
1,talk,25,5,1,Over
1,talk,26,5,5,Skip
1,talk,27,5,2,Skip
1,talk,28,5,4,Over
1,talk,29,5,3,Over
1,talk,30,6,5,Over
1,talk,31,6,4,Over
1,talk,32,6,3,VOTE Agent[01]
1,talk,33,6,1,Over
1,talk,34,6,2,Skip
1,talk,35,7,4,Skip
1,talk,36,7,2,Over
1,talk,37,7,1,Over
1,talk,38,7,3,VOTE Agent[02]
1,talk,39,7,5,Over
1,talk,40,8,2,Over
1,talk,41,8,4,Over
1,talk,42,8,5,Over
1,talk,43,8,1,Over
1,talk,44,8,3,Over
1,vote,1,3
1,vote,2,4
1,vote,3,1
1,vote,4,2
1,vote,5,1
1,execute,1,WEREWOLF
1,divine,4,2,HUMAN
2,status,1,WEREWOLF,DEAD,SampleBasePlayer
2,status,2,POSSESSED,ALIVE,SampleRoleAssignPlayer
2,status,3,VILLAGER,ALIVE,Litt1eGirl
2,status,4,SEER,ALIVE,calups
2,status,5,VILLAGER,ALIVE,cash
2,result,4,0,VILLAGER
