0,status,1,WEREWOLF,ALIVE,SampleBasePlayer
0,status,2,VILLAGER,ALIVE,SampleRoleAssignPlayer
0,status,3,SEER,ALIVE,Litt1eGirl
0,status,4,POSSESSED,ALIVE,calups
0,status,5,VILLAGER,ALIVE,cash
0,divine,3,4,HUMAN
1,status,1,WEREWOLF,ALIVE,SampleBasePlayer
1,status,2,VILLAGER,ALIVE,SampleRoleAssignPlayer
1,status,3,SEER,ALIVE,Litt1eGirl
1,status,4,POSSESSED,ALIVE,calups
1,status,5,VILLAGER,ALIVE,cash
1,talk,0,0,4,DIVINED Agent[02] WEREWOLF
1,talk,1,0,2,Skip
1,talk,2,0,3,VOTE Agent[01]
1,talk,3,0,5,VOTE Agent[01]
1,talk,4,0,1,Skip
1,talk,5,1,5,VOTE Agent[02]
1,talk,6,1,3,VOTE Agent[02]
1,talk,7,1,2,BECAUSE (AND (COMINGOUT Agent[02] VILLAGER) (DAY 1 (Agent[04] DIVINED Agent[02] WEREWOLF))) (XOR (ESTIMATE Agent[04] WEREWOLF) (ESTIMATE Agent[04] POSSESSED))
1,talk,8,1,4,COMINGOUT Agent[04] SEER
1,talk,9,1,1,Skip
1,talk,10,2,1,Over
1,talk,11,2,2,BECAUSE (XOR (ESTIMATE Agent[04] WEREWOLF) (ESTIMATE Agent[04] POSSESSED)) (AND (VOTE Agent[04]) (REQUEST ANY (VOTE Agent[04])))
1,talk,12,2,4,Skip
1,talk,13,2,3,COMINGOUT Agent[03] SEER
1,talk,14,2,5,Skip
1,talk,15,3,1,Over
1,talk,16,3,5,Skip
1,talk,17,3,3,DIVINED Agent[04] HUMAN
1,talk,18,3,4,Skip
1,talk,19,3,2,Skip
1,talk,20,4,1,Over
1,talk,21,4,2,Skip
1,talk,22,4,3,ESTIMATE Agent[05] VILLAGER
1,talk,23,4,5,Over
1,talk,24,4,4,VOTE Agent[02]
1,talk,25,5,1,Over
1,talk,26,5,2,Over
1,talk,27,5,4,Over
1,talk,28,5,5,Over
1,talk,29,5,3,Over
1,vote,1,2
1,vote,2,4
1,vote,3,2
1,vote,4,2
1,vote,5,2
1,execute,2,VILLAGER
1,divine,3,1,WEREWOLF
1,attack,3,true
2,status,1,WEREWOLF,ALIVE,SampleBasePlayer
2,status,2,VILLAGER,DEAD,SampleRoleAssignPlayer
2,status,3,SEER,DEAD,Litt1eGirl
2,status,4,POSSESSED,ALIVE,calups
2,status,5,VILLAGER,ALIVE,cash
2,talk,0,0,1,Skip
2,talk,1,0,4,COMINGOUT Agent[04] POSSESSED
2,talk,2,0,5,VOTE Agent[01]
2,talk,3,1,1,Skip
2,talk,4,1,4,Skip
2,talk,5,1,5,Skip
2,talk,6,2,5,Skip
2,talk,7,2,1,Over
2,talk,8,2,4,Skip
2,talk,9,3,5,Over
2,talk,10,3,4,Over
2,talk,11,3,1,Over
2,vote,1,5
2,vote,4,1
2,vote,5,1
2,execute,1,WEREWOLF
3,status,1,WEREWOLF,DEAD,SampleBasePlayer
3,status,2,VILLAGER,DEAD,SampleRoleAssignPlayer
3,status,3,SEER,DEAD,Litt1eGirl
3,status,4,POSSESSED,ALIVE,calups
3,status,5,VILLAGER,ALIVE,cash
3,result,2,0,VILLAGER
