0,status,1,WEREWOLF,ALIVE,ebifly
0,status,2,POSSESSED,ALIVE,cash
0,status,3,VILLAGER,ALIVE,cash
0,status,4,SEER,ALIVE,cash
0,status,5,VILLAGER,ALIVE,cash
0,divine,4,1,WEREWOLF
1,status,1,WEREWOLF,ALIVE,ebifly
1,status,2,POSSESSED,ALIVE,cash
1,status,3,VILLAGER,ALIVE,cash
1,status,4,SEER,ALIVE,cash
1,status,5,VILLAGER,ALIVE,cash
1,talk,0,0,2,COMINGOUT Agent[02] SEER
1,talk,1,0,4,COMINGOUT Agent[04] SEER
1,talk,2,0,1,VOTE Agent[02]
1,talk,3,0,3,VOTE Agent[01]
1,talk,4,0,5,VOTE Agent[01]
1,talk,5,1,4,DIVINED Agent[01] WEREWOLF
1,talk,6,1,5,Skip
1,talk,7,1,3,Skip
1,talk,8,1,1,Skip
1,talk,9,1,2,DIVINED Agent[01] HUMAN
1,talk,10,2,3,VOTE Agent[05]
1,talk,11,2,2,VOTE Agent[01]
1,talk,12,2,1,VOTE Agent[04]
1,talk,13,2,5,VOTE Agent[03]
1,talk,14,2,4,VOTE Agent[01]
1,talk,15,3,5,Skip
1,talk,16,3,1,Skip
1,talk,17,3,3,Skip
1,talk,18,3,2,Skip
1,talk,19,3,4,Skip
1,talk,20,4,1,Skip
1,talk,21,4,5,Skip
1,talk,22,4,2,Skip
1,talk,23,4,3,Skip
1,talk,24,4,4,Skip
1,talk,25,5,1,Over
1,talk,26,5,2,Over
1,talk,27,5,4,Over
1,talk,28,5,5,Over
1,talk,29,5,3,Over
1,vote,1,4
1,vote,2,1
1,vote,3,5
1,vote,4,1
1,vote,5,3
1,execute,1,WEREWOLF
1,divine,4,3,HUMAN
2,status,1,WEREWOLF,DEAD,ebifly
2,status,2,POSSESSED,ALIVE,cash
2,status,3,VILLAGER,ALIVE,cash
2,status,4,SEER,ALIVE,cash
2,status,5,VILLAGER,ALIVE,cash
2,result,4,0,VILLAGER
