0,status,1,SEER,ALIVE,calups
0,status,2,POSSESSED,ALIVE,calups
0,status,3,VILLAGER,ALIVE,calups
0,status,4,WEREWOLF,ALIVE,calups
0,status,5,VILLAGER,ALIVE,calups
0,divine,1,2,HUMAN
1,status,1,SEER,ALIVE,calups
1,status,2,POSSESSED,ALIVE,calups
1,status,3,VILLAGER,ALIVE,calups
1,status,4,WEREWOLF,ALIVE,calups
1,status,5,VILLAGER,ALIVE,calups
1,talk,0,0,1,DIVINED Agent[03] WEREWOLF
1,talk,1,0,3,Skip
1,talk,2,0,4,DIVINED Agent[01] WEREWOLF
1,talk,3,0,5,Skip
1,talk,4,0,2,DIVINED Agent[04] WEREWOLF
1,talk,5,1,3,Skip
1,talk,6,1,2,COMINGOUT Agent[02] SEER
1,talk,7,1,4,COMINGOUT Agent[04] SEER
1,talk,8,1,1,COMINGOUT Agent[01] SEER
1,talk,9,1,5,Skip
1,talk,10,2,2,Over
1,talk,11,2,1,Over
1,talk,12,2,3,Over
1,talk,13,2,4,Over
1,talk,14,2,5,Over
1,vote,1,3
1,vote,2,4
1,vote,3,1
1,vote,4,1
1,vote,5,1
1,execute,1,SEER
1,attackVote,4,3
1,attack,3,true
2,status,1,SEER,DEAD,calups
2,status,2,POSSESSED,ALIVE,calups
2,status,3,VILLAGER,DEAD,calups
2,status,4,WEREWOLF,ALIVE,calups
2,status,5,VILLAGER,ALIVE,calups
2,talk,0,0,4,COMINGOUT Agent[04] POSSESSED
2,talk,1,0,2,COMINGOUT Agent[02] POSSESSED
2,talk,2,0,5,Skip
2,talk,3,1,2,Skip
2,talk,4,1,5,Skip
2,talk,5,1,4,Skip
2,talk,6,2,4,Skip
2,talk,7,2,5,Over
2,talk,8,2,2,Skip
2,talk,9,3,2,Over
2,talk,10,3,5,Over
2,talk,11,3,4,Over
2,vote,2,4
2,vote,4,2
2,vote,5,4
2,execute,4,WEREWOLF
3,status,1,SEER,DEAD,calups
3,status,2,POSSESSED,ALIVE,calups
3,status,3,VILLAGER,DEAD,calups
3,status,4,WEREWOLF,DEAD,calups
3,status,5,VILLAGER,ALIVE,calups
3,result,2,0,VILLAGER
