0,status,1,SEER,ALIVE,ebifly
0,status,2,VILLAGER,ALIVE,calups
0,status,3,VILLAGER,ALIVE,calups
0,status,4,WEREWOLF,ALIVE,calups
0,status,5,POSSESSED,ALIVE,calups
0,divine,1,2,HUMAN
1,status,1,SEER,ALIVE,ebifly
1,status,2,VILLAGER,ALIVE,calups
1,status,3,VILLAGER,ALIVE,calups
1,status,4,WEREWOLF,ALIVE,calups
1,status,5,POSSESSED,ALIVE,calups
1,talk,0,0,3,Skip
1,talk,1,0,1,COMINGOUT Agent[01] SEER
1,talk,2,0,2,Skip
1,talk,3,0,4,DIVINED Agent[01] WEREWOLF
1,talk,4,0,5,DIVINED Agent[03] WEREWOLF
1,talk,5,1,1,DIVINED Agent[02] HUMAN
1,talk,6,1,3,Skip
1,talk,7,1,4,COMINGOUT Agent[04] SEER
1,talk,8,1,2,Skip
1,talk,9,1,5,COMINGOUT Agent[05] SEER
1,talk,10,2,4,Skip
1,talk,11,2,1,VOTE Agent[04]
1,talk,12,2,3,Over
1,talk,13,2,2,Over
1,talk,14,2,5,Skip
1,talk,15,3,1,Skip
1,talk,16,3,3,Over
1,talk,17,3,4,Skip
1,talk,18,3,5,Skip
1,talk,19,3,2,Over
1,talk,20,4,4,VOTE Agent[01]
1,talk,21,4,5,VOTE Agent[03]
1,talk,22,4,1,Skip
1,talk,23,4,3,VOTE Agent[01]
1,talk,24,4,2,VOTE Agent[01]
1,talk,25,5,4,Over
1,talk,26,5,3,Over
1,talk,27,5,5,Over
1,talk,28,5,1,Over
1,talk,29,5,2,Over
1,vote,1,4
1,vote,2,1
1,vote,3,1
1,vote,4,1
1,vote,5,3
1,execute,1,SEER
1,attackVote,4,2
1,attack,2,true
2,status,1,SEER,DEAD,ebifly
2,status,2,VILLAGER,DEAD,calups
2,status,3,VILLAGER,ALIVE,calups
2,status,4,WEREWOLF,ALIVE,calups
2,status,5,POSSESSED,ALIVE,calups
2,talk,0,0,5,COMINGOUT Agent[05] POSSESSED
2,talk,1,0,4,COMINGOUT Agent[04] POSSESSED
2,talk,2,0,3,Skip
2,talk,3,1,3,Skip
2,talk,4,1,4,Skip
2,talk,5,1,5,Skip
2,talk,6,2,4,Skip
2,talk,7,2,5,Skip
2,talk,8,2,3,Over
2,talk,9,3,3,Over
2,talk,10,3,4,Over
2,talk,11,3,5,Over
2,vote,3,4
2,vote,4,3
2,vote,5,3
2,execute,3,VILLAGER
2,attackVote,4,5
2,attack,5,true
3,status,1,SEER,DEAD,ebifly
3,status,2,VILLAGER,DEAD,calups
3,status,3,VILLAGER,DEAD,calups
3,status,4,WEREWOLF,ALIVE,calups
3,status,5,POSSESSED,DEAD,calups
3,result,0,1,WEREWOLF
