0,status,1,VILLAGER,ALIVE,SampleRoleAssignPlayer
0,status,2,SEER,ALIVE,SampleRoleAssignPlayer
0,status,3,WEREWOLF,ALIVE,SampleRoleAssignPlayer
0,status,4,VILLAGER,ALIVE,SampleRoleAssignPlayer
0,status,5,POSSESSED,ALIVE,ebifly
0,divine,2,3,WEREWOLF
1,status,1,VILLAGER,ALIVE,SampleRoleAssignPlayer
1,status,2,SEER,ALIVE,SampleRoleAssignPlayer
1,status,3,WEREWOLF,ALIVE,SampleRoleAssignPlayer
1,status,4,VILLAGER,ALIVE,SampleRoleAssignPlayer
1,status,5,POSSESSED,ALIVE,ebifly
1,talk,0,0,1,Skip
1,talk,1,0,2,COMINGOUT Agent[02] SEER
1,talk,2,0,5,COMINGOUT Agent[05] SEER
1,talk,3,0,4,Skip
1,talk,4,0,3,Skip
1,talk,5,1,5,DIVINED Agent[01] HUMAN
1,talk,6,1,4,Skip
1,talk,7,1,2,DAY 1 (DIVINED Agent[03] WEREWOLF)
1,talk,8,1,1,Skip
1,talk,9,1,3,Skip
1,talk,10,2,3,BECAUSE (AND (COMINGOUT Agent[03] VILLAGER) (DAY 1 (Agent[02] DIVINED Agent[03] WEREWOLF))) (XOR (ESTIMATE Agent[02] WEREWOLF) (ESTIMATE Agent[02] POSSESSED))
1,talk,11,2,1,AND (VOTE Agent[04]) (REQUEST ANY (VOTE Agent[04]))
1,talk,12,2,5,VOTE Agent[01]
1,talk,13,2,2,BECAUSE (DAY 1 (DIVINED Agent[03] WEREWOLF)) (REQUEST ANY (VOTE Agent[03]))
1,talk,14,2,4,AND (VOTE Agent[02]) (REQUEST ANY (VOTE Agent[02]))
1,talk,15,3,1,AND (VOTE Agent[03]) (REQUEST ANY (VOTE Agent[03]))
1,talk,16,3,2,BECAUSE (DAY 1 (DIVINED Agent[03] WEREWOLF)) (AND (VOTE Agent[03]) (REQUEST ANY (VOTE Agent[03])))
1,talk,17,3,3,BECAUSE (XOR (ESTIMATE Agent[02] WEREWOLF) (ESTIMATE Agent[02] POSSESSED)) (AND (VOTE Agent[02]) (REQUEST ANY (VOTE Agent[02])))
1,talk,18,3,4,AND (VOTE Agent[03]) (REQUEST ANY (VOTE Agent[03]))
1,talk,19,3,5,Skip
1,talk,20,4,5,Skip
1,talk,21,4,1,Skip
1,talk,22,4,2,Skip
1,talk,23,4,4,Skip
1,talk,24,4,3,Skip
1,talk,25,5,3,Skip
1,talk,26,5,4,Skip
1,talk,27,5,1,Skip
1,talk,28,5,2,Skip
1,talk,29,5,5,Over
1,talk,30,6,5,Over
1,talk,31,6,1,Over
1,talk,32,6,4,Over
1,talk,33,6,3,Over
1,talk,34,6,2,Over
1,vote,1,3
1,vote,2,3
1,vote,3,2
1,vote,4,3
1,vote,5,1
1,execute,3,WEREWOLF
1,divine,2,1,HUMAN
2,status,1,VILLAGER,ALIVE,SampleRoleAssignPlayer
2,status,2,SEER,ALIVE,SampleRoleAssignPlayer
2,status,3,WEREWOLF,DEAD,SampleRoleAssignPlayer
2,status,4,VILLAGER,ALIVE,SampleRoleAssignPlayer
2,status,5,POSSESSED,ALIVE,ebifly
2,result,4,0,VILLAGER
