0,status,1,VILLAGER,ALIVE,SampleRoleAssignPlayer
0,status,2,VILLAGER,ALIVE,SampleRoleAssignPlayer
0,status,3,WEREWOLF,ALIVE,SampleRoleAssignPlayer
0,status,4,SEER,ALIVE,SampleRoleAssignPlayer
0,status,5,POSSESSED,ALIVE,ebifly
0,divine,4,1,HUMAN
1,status,1,VILLAGER,ALIVE,SampleRoleAssignPlayer
1,status,2,VILLAGER,ALIVE,SampleRoleAssignPlayer
1,status,3,WEREWOLF,ALIVE,SampleRoleAssignPlayer
1,status,4,SEER,ALIVE,SampleRoleAssignPlayer
1,status,5,POSSESSED,ALIVE,ebifly
1,talk,0,0,1,Skip
1,talk,1,0,2,Skip
1,talk,2,0,5,COMINGOUT Agent[05] SEER
1,talk,3,0,4,COMINGOUT Agent[04] SEER
1,talk,4,0,3,COMINGOUT Agent[03] SEER
1,talk,5,1,5,DIVINED Agent[01] HUMAN
1,talk,6,1,2,Skip
1,talk,7,1,4,DAY 1 (DIVINED Agent[01] HUMAN)
1,talk,8,1,1,Skip
1,talk,9,1,3,DAY 1 (DIVINED Agent[02] HUMAN)
1,talk,10,2,5,VOTE Agent[01]
1,talk,11,2,4,AND (VOTE Agent[03]) (REQUEST ANY (VOTE Agent[03]))
1,talk,12,2,2,AND (VOTE Agent[05]) (REQUEST ANY (VOTE Agent[05]))
1,talk,13,2,3,AND (VOTE Agent[04]) (REQUEST ANY (VOTE Agent[04]))
1,talk,14,2,1,AND (VOTE Agent[05]) (REQUEST ANY (VOTE Agent[05]))
1,talk,15,3,1,Skip
1,talk,16,3,3,Skip
1,talk,17,3,4,Skip
1,talk,18,3,2,AND (VOTE Agent[03]) (REQUEST ANY (VOTE Agent[03]))
1,talk,19,3,5,Skip
1,talk,20,4,1,AND (VOTE Agent[03]) (REQUEST ANY (VOTE Agent[03]))
1,talk,21,4,5,Skip
1,talk,22,4,3,Skip
1,talk,23,4,2,Skip
1,talk,24,4,4,Skip
1,talk,25,5,3,Over
1,talk,26,5,1,Skip
1,talk,27,5,5,Over
1,talk,28,5,2,Skip
1,talk,29,5,4,Over
1,talk,30,6,3,Over
1,talk,31,6,4,Over
1,talk,32,6,5,Over
1,talk,33,6,2,Over
1,talk,34,6,1,Skip
1,talk,35,7,5,Over
1,talk,36,7,4,Over
1,talk,37,7,1,Over
1,talk,38,7,3,Over
1,talk,39,7,2,Over
1,vote,1,3
1,vote,2,3
1,vote,3,4
1,vote,4,3
1,vote,5,1
1,execute,3,WEREWOLF
2,status,1,VILLAGER,ALIVE,SampleRoleAssignPlayer
2,status,2,VILLAGER,ALIVE,SampleRoleAssignPlayer
2,status,3,WEREWOLF,DEAD,SampleRoleAssignPlayer
2,status,4,SEER,ALIVE,SampleRoleAssignPlayer
2,status,5,POSSESSED,ALIVE,ebifly
2,result,4,0,VILLAGER
