0,status,1,SEER,ALIVE,SampleBasePlayer
0,status,2,WEREWOLF,ALIVE,SampleBasePlayer
0,status,3,VILLAGER,ALIVE,SampleBasePlayer
0,status,4,POSSESSED,ALIVE,SampleBasePlayer
0,status,5,VILLAGER,ALIVE,ebifly
1,status,1,SEER,ALIVE,SampleBasePlayer
1,status,2,WEREWOLF,ALIVE,SampleBasePlayer
1,status,3,VILLAGER,ALIVE,SampleBasePlayer
1,status,4,POSSESSED,ALIVE,SampleBasePlayer
1,status,5,VILLAGER,ALIVE,ebifly
1,talk,0,0,5,VOTE Agent[01]
1,talk,1,0,4,Skip
1,talk,2,0,2,Skip
1,talk,3,0,3,Skip
1,talk,4,0,1,Skip
1,talk,5,1,4,Skip
1,talk,6,1,3,Skip
1,talk,7,1,5,Skip
1,talk,8,1,2,Skip
1,talk,9,1,1,Skip
1,talk,10,2,2,Over
1,talk,11,2,1,Over
1,talk,12,2,3,Over
1,talk,13,2,4,Over
1,talk,14,2,5,Skip
1,talk,15,3,5,Over
1,talk,16,3,1,Over
1,talk,17,3,2,Over
1,talk,18,3,4,Over
1,talk,19,3,3,Over
1,vote,1,2
1,vote,2,1
1,vote,3,1
1,vote,4,2
1,vote,5,1
1,execute,1,SEER
1,attack,5,true
2,status,1,SEER,DEAD,SampleBasePlayer
2,status,2,WEREWOLF,ALIVE,SampleBasePlayer
2,status,3,VILLAGER,ALIVE,SampleBasePlayer
2,status,4,POSSESSED,ALIVE,SampleBasePlayer
2,status,5,VILLAGER,DEAD,ebifly
2,talk,0,0,2,Skip
2,talk,1,0,3,Skip
2,talk,2,0,4,Skip
2,talk,3,1,2,Skip
2,talk,4,1,4,Skip
2,talk,5,1,3,Skip
2,talk,6,2,3,Over
2,talk,7,2,4,Over
2,talk,8,2,2,Over
2,vote,2,4
2,vote,3,4
2,vote,4,2
2,execute,4,POSSESSED
2,attack,3,true
3,status,1,SEER,DEAD,SampleBasePlayer
3,status,2,WEREWOLF,ALIVE,SampleBasePlayer
3,status,3,VILLAGER,DEAD,SampleBasePlayer
3,status,4,POSSESSED,DEAD,SampleBasePlayer
3,status,5,VILLAGER,DEAD,ebifly
3,result,0,1,WEREWOLF
