0,status,1,VILLAGER,ALIVE,SampleRoleAssignPlayer
0,status,2,POSSESSED,ALIVE,SampleBasePlayer
0,status,3,WEREWOLF,ALIVE,calups
0,status,4,SEER,ALIVE,cash
0,status,5,VILLAGER,ALIVE,ebifly
0,divine,4,1,HUMAN
1,status,1,VILLAGER,ALIVE,SampleRoleAssignPlayer
1,status,2,POSSESSED,ALIVE,SampleBasePlayer
1,status,3,WEREWOLF,ALIVE,calups
1,status,4,SEER,ALIVE,cash
1,status,5,VILLAGER,ALIVE,ebifly
1,talk,0,0,5,VOTE Agent[01]
1,talk,1,0,1,Skip
1,talk,2,0,3,DIVINED Agent[02] WEREWOLF
1,talk,3,0,4,COMINGOUT Agent[04] SEER
1,talk,4,0,2,Skip
1,talk,5,1,5,Skip
1,talk,6,1,3,COMINGOUT Agent[03] SEER
1,talk,7,1,4,DIVINED Agent[01] HUMAN
1,talk,8,1,2,Skip
1,talk,9,1,1,Skip
1,talk,10,2,1,AND (VOTE Agent[05]) (REQUEST ANY (VOTE Agent[05]))
1,talk,11,2,2,Over
1,talk,12,2,4,VOTE Agent[05]
1,talk,13,2,5,Skip
1,talk,14,2,3,Over
1,talk,15,3,2,Over
1,talk,16,3,3,Skip
1,talk,17,3,5,Over
1,talk,18,3,4,Skip
1,talk,19,3,1,Skip
1,talk,20,4,5,Over
1,talk,21,4,1,Skip
1,talk,22,4,4,Skip
1,talk,23,4,2,Over
1,talk,24,4,3,VOTE Agent[02]
1,talk,25,5,1,Over
1,talk,26,5,5,Over
1,talk,27,5,2,Over
1,talk,28,5,4,Over
1,talk,29,5,3,Over
1,vote,1,5
1,vote,2,1
1,vote,3,2
1,vote,4,5
1,vote,5,1
1,vote,1,5
1,vote,2,1
1,vote,3,2
1,vote,4,5
1,vote,5,1
1,execute,1,VILLAGER
1,divine,4,5,HUMAN
1,attackVote,3,4
1,attack,4,true
2,status,1,VILLAGER,DEAD,SampleRoleAssignPlayer
2,status,2,POSSESSED,ALIVE,SampleBasePlayer
2,status,3,WEREWOLF,ALIVE,calups
2,status,4,SEER,DEAD,cash
2,status,5,VILLAGER,ALIVE,ebifly
2,talk,0,0,2,Skip
2,talk,1,0,5,VOTE Agent[02]
2,talk,2,0,3,COMINGOUT Agent[03] POSSESSED
2,talk,3,1,5,Skip
2,talk,4,1,2,Skip
2,talk,5,1,3,Skip
2,talk,6,2,3,Skip
2,talk,7,2,5,Skip
2,talk,8,2,2,Over
2,talk,9,3,5,Over
2,talk,10,3,3,Over
2,talk,11,3,2,Over
2,vote,2,3
2,vote,3,2
2,vote,5,2
2,execute,2,POSSESSED
2,attackVote,3,5
2,attack,5,true
3,status,1,VILLAGER,DEAD,SampleRoleAssignPlayer
3,status,2,POSSESSED,DEAD,SampleBasePlayer
3,status,3,WEREWOLF,ALIVE,calups
3,status,4,SEER,DEAD,cash
3,status,5,VILLAGER,DEAD,ebifly
3,result,0,1,WEREWOLF
